
ROM used:   670/65536 (1%)
            670/65536 (1%) including unused fragments

            0.2 Average locations per line
            1.3 Average locations per statement

RAM used:   14/3968 (0%) at main() level
            21/3968 (1%) worst case

Stack used: 2 worst case (2 in main + 0 for interrupts)
Stack size: 31

Lines Stmts  %   Files
----- ----- ---  -----
   69    22   4  maestro-esclavo.c
  834     0   0  ..\..\..\..\Program Files (x86)\PICC\Devices\18F4620.h
 1351   359  71  ..\..\..\..\Program Files (x86)\PICC\Drivers\stdlib.h
   32     0   0  ..\..\..\..\Program Files (x86)\PICC\Drivers\stddef.h
  423   125  25  ..\..\..\..\Program Files (x86)\PICC\Drivers\string.h
   28     0   0  ..\..\..\..\Program Files (x86)\PICC\Drivers\ctype.h
----- -----
 2737   506 Total

Page ROM  %  RAM   Vol Diff  Functions:
---- --- --- ---   --- ----  ----------
0     72   5    3             @I2C_READ_1
0     72   5    1             @I2C_WRITE_1
0    270  20    0   225  3.9  MAIN
0     32   2    0             @const932
0     32   2    3             @PSTRINGCN_9600_31766_31767
0     40   3    3             @DIV88
0    108   8    2             @PRINTF_U_9600_31766_31767
0     40   3    3   166  4.7  converBCD
 Inline         4   315  3.0  rtc_get_time
 Inline         0             @cinit1

Program metrics:
    Functions               3
    Statements              506
    Comments                934
    Volume (V)              943
    Difficulty (D)          10.7
    Effort to implement (E) 10063
    Time to implement (T)   9 minutes
    Est Delivered Bugs (B)  0
    Cyclomatic Complexity   1
    Maintainability (MI)    98

 Segment     Used  Free
-----------  ----  ----
00000-00002     4  0  
00004-0FFFE   666  64866  



