CCS PCH C Compiler, Version 5.012, 41559               31-may.-19 10:43

               Filename:   C:\Users\Usuario\Desktop\I2C\maestro-esclavo.lst

               ROM used:   674 bytes (1%)
                           Largest free fragment is 64862
               RAM used:   14 (0%) at main() level
                           22 (1%) worst case
               Stack used: 2 locations
               Stack size: 31

*
00000:  GOTO   0190
.................... #include <18F4620.h> 
.................... ///////////// Standard Header file for the PIC18F4620 device //////////////// 
.................... /////////////////////////////////////////////////////////////////////////// 
.................... ////        (C) Copyright 1996, 2013 Custom Computer Services          //// 
.................... //// This source code may only be used by licensed users of the CCS C  //// 
.................... //// compiler.  This source code may only be distributed to other      //// 
.................... //// licensed users of the CCS C compiler.  No other use, reproduction //// 
.................... //// or distribution is permitted without written permission.          //// 
.................... //// Derivative programs created using this software in object code    //// 
.................... //// form are not restricted in any way.                               //// 
.................... /////////////////////////////////////////////////////////////////////////// 
.................... #device PIC18F4620 
00004:  DATA 48,6F
00006:  DATA 72,61
00008:  DATA 20,25
0000A:  DATA 75,2C
0000C:  DATA 20,4D
0000E:  DATA 69,6E
00010:  DATA 75,74
00012:  DATA 6F,20
00014:  DATA 25,75
00016:  DATA 2C,20
00018:  DATA 53,65
0001A:  DATA 67,75
0001C:  DATA 6E,64
0001E:  DATA 6F,73
00020:  DATA 20,25
00022:  DATA 75,00
*
000DC:  TBLRD*+
000DE:  MOVFF  FF6,0F
000E2:  MOVFF  FF7,10
000E6:  MOVF   FF5,W
000E8:  BTFSS  F9E.4
000EA:  BRA    00E8
000EC:  MOVWF  FAD
000EE:  MOVFF  0F,FF6
000F2:  MOVFF  10,FF7
000F6:  DECFSZ 0E,F
000F8:  BRA    00DC
000FA:  RETURN 0
000FC:  MOVF   11,W
000FE:  CLRF   01
00100:  SUBWF  10,W
00102:  BC    010A
00104:  MOVFF  10,00
00108:  BRA    0122
0010A:  CLRF   00
0010C:  MOVLW  08
0010E:  MOVWF  12
00110:  RLCF   10,F
00112:  RLCF   00,F
00114:  MOVF   11,W
00116:  SUBWF  00,W
00118:  BTFSC  FD8.0
0011A:  MOVWF  00
0011C:  RLCF   01,F
0011E:  DECFSZ 12,F
00120:  BRA    0110
00122:  RETURN 0
00124:  MOVF   01,W
00126:  MOVFF  0E,10
0012A:  MOVLW  64
0012C:  MOVWF  11
0012E:  RCALL  00FC
00130:  MOVFF  00,0E
00134:  MOVF   01,W
00136:  MOVLW  30
00138:  BNZ   0148
0013A:  BTFSS  0F.1
0013C:  BRA    0158
0013E:  BTFSC  0F.3
00140:  BRA    0158
00142:  BTFSC  0F.4
00144:  MOVLW  20
00146:  BRA    014E
00148:  BCF    0F.3
0014A:  BCF    0F.4
0014C:  BSF    0F.0
0014E:  ADDWF  01,F
00150:  MOVF   01,W
00152:  BTFSS  F9E.4
00154:  BRA    0152
00156:  MOVWF  FAD
00158:  MOVFF  0E,10
0015C:  MOVLW  0A
0015E:  MOVWF  11
00160:  RCALL  00FC
00162:  MOVFF  00,0E
00166:  MOVF   01,W
00168:  MOVLW  30
0016A:  BNZ   0178
0016C:  BTFSC  0F.3
0016E:  BRA    0182
00170:  BTFSS  0F.0
00172:  BRA    0182
00174:  BTFSC  0F.4
00176:  MOVLW  20
00178:  ADDWF  01,F
0017A:  MOVF   01,W
0017C:  BTFSS  F9E.4
0017E:  BRA    017C
00180:  MOVWF  FAD
00182:  MOVLW  30
00184:  ADDWF  0E,F
00186:  MOVF   0E,W
00188:  BTFSS  F9E.4
0018A:  BRA    0188
0018C:  MOVWF  FAD
0018E:  RETURN 0
....................  
.................... #list 
....................  
.................... #include <stdlib.h> 
.................... /////////////////////////////////////////////////////////////////////////// 
.................... ////        (C) Copyright 1996,2007 Custom Computer Services           //// 
.................... //// This source code may only be used by licensed users of the CCS C  //// 
.................... //// compiler.  This source code may only be distributed to other      //// 
.................... //// licensed users of the CCS C compiler.  No other use, reproduction //// 
.................... //// or distribution is permitted without written permission.          //// 
.................... //// Derivative programs created using this software in object code    //// 
.................... //// form are not restricted in any way.                               //// 
.................... /////////////////////////////////////////////////////////////////////////// 
....................  
.................... #ifndef _STDLIB 
.................... #define _STDLIB 
....................  
.................... //--------------------------------------------------------------------------- 
.................... // Definitions and types 
.................... //--------------------------------------------------------------------------- 
....................  
.................... #ifndef RAND_MAX 
.................... #define RAND_MAX  32767    // The value of which is the maximum value 
....................                            // ... returned by the rand function 
.................... #endif 
....................  
....................  
.................... #IF (sizeof(int16*)>1) 
.................... #DEFINE LONG_POINTERS 1 
.................... #ELSE  
.................... #DEFINE LONG_POINTERS 0 
.................... #ENDIF 
....................  
.................... typedef struct { 
....................    signed int quot; 
....................    signed int rem; 
.................... } div_t; 
....................  
.................... typedef struct { 
....................    signed long quot; 
....................    signed long rem; 
.................... } ldiv_t; 
....................  
.................... #include <stddef.h> 
.................... /////////////////////////////////////////////////////////////////////////// 
.................... ////        (C) Copyright 1996,2003 Custom Computer Services           //// 
.................... //// This source code may only be used by licensed users of the CCS C  //// 
.................... //// compiler.  This source code may only be distributed to other      //// 
.................... //// licensed users of the CCS C compiler.  No other use, reproduction //// 
.................... //// or distribution is permitted without written permission.          //// 
.................... //// Derivative programs created using this software in object code    //// 
.................... //// form are not restricted in any way.                               //// 
.................... /////////////////////////////////////////////////////////////////////////// 
....................  
.................... #ifndef _STDDEF 
....................  
.................... #define _STDDEF 
....................  
.................... #if sizeof(unsigned int8 *)==1 
.................... #define ptrdiff_t unsigned int8 
.................... #else 
.................... #define ptrdiff_t unsigned int16 
.................... #endif 
....................  
.................... #if defined(__PCB__) 
.................... #define size_t unsigned int8 
.................... #else 
.................... #define size_t unsigned int16 
.................... #endif 
.................... #define wchar_t char 
.................... #define NULL 0 
....................  
.................... #define offsetof(s,f) (offsetofbit(s,f)/8) 
....................  
.................... #endif 
....................  
....................  
.................... //--------------------------------------------------------------------------- 
.................... // String conversion functions 
.................... //--------------------------------------------------------------------------- 
....................  
.................... /* Standard template: signed int  atoi(char * s) 
....................  * converts the initial portion of the string s to a signed int 
....................  * returns the converted value if any, 0 otherwise 
....................  */ 
.................... signed int atoi(char *s); 
....................  
.................... /* Syntax: signed int32  atoi32(char * s) 
....................    converts the initial portion of the string s to a signed int32 
....................    returns the converted value if any, 0 otherwise*/ 
.................... #if (sizeof(long)==4) 
....................  #define atoi32(s) atol(s) 
.................... #else  
....................  signed int32 atoi32(char *s); 
.................... #endif 
....................  
.................... #if defined(__PCD__) 
.................... // The following functions only work on the 24 bit compiler 
.................... // for the 30F, 33F, 24F and 24H parts 
.................... /* Syntax: signed int48  atoi48(char * s) 
....................    converts the initial portion of the string s to a signed int48 
....................    returns the converted value if any, 0 otherwise*/ 
....................     
.................... signed int48 atoi48(char *s); 
....................  
.................... /* Syntax: signed int64  atoi64(char * s) 
....................    converts the initial portion of the string s to a signed int64 
....................    returns the converted value if any, 0 otherwise*/ 
.................... signed int64 atoi64(char *s); 
.................... #endif 
....................  
.................... /* Syntax: char *  itoa(signed int32 num, int8 base, char * s) 
....................    converts the signed int32 to a string and 
....................    returns the converted value if any, 0 otherwise*/ 
.................... char * itoa(signed int32 num, unsigned int base, char * s); 
....................  
.................... /* Standard template: signed int16  atol(char * s) 
....................  * converts the initial portion of the string s to a signed int16 
....................  * returns the converted value if any, 0 otherwise 
....................  */ 
.................... signed long atol(char *s); 
....................  
.................... /* Standard template: int16 strtoul(char * s,char *endptr,signed int base) 
....................  * converts the initial portion of the string s, represented as an 
....................  * integral value of radix base  to a signed long. 
....................  * Returns the converted value if any, 0 otherwise 
....................  * the final string is returned in the endptr, if endptr is not null 
....................  */ 
.................... signed long strtol(char *s,char *endptr, signed int base); 
....................  
.................... /* Standard template: int16 strtoul(char * s,char *endptr,signed int base) 
....................  * converts the initial portion of the string s, represented as an 
....................  * integral value of radix base to a unsigned long. 
....................  * returns the converted value if any, 0 otherwise 
....................  * the final string is returned in the endptr, if endptr is not null 
....................  */ 
.................... unsigned long strtoul(char *s,char *endptr, signed int base); 
....................  
.................... /* Standart template: float strtof(char * s,char *endptr) 
....................                       float48 strtof48(char *s,char *endptr); 
....................                       float64 strtod(char *s,char *endptr); 
....................  * converts the initial portion of the string s to a float32, float48 or float64, 
....................  * returns the converted value if any, 0 otherwise 
....................  * the final string is returned in the endptr, if endptr is not null                    
.................... */ 
.................... float strtof(char *s,char *endptr); 
.................... #if defined(__PCD__) 
.................... float48 strtof48(char *s,char *endptr); 
.................... float64 strtod(char *s,char *endptr); 
.................... #else 
.................... //provided for compatibility 
.................... #define strtof48(s, e) strtof(s, e) 
.................... #define strtod(s, e) strtof(s, e) 
.................... #endif 
....................  
.................... /* Standard template: float32 atof(char * s) 
....................  * converts the initial portion of the string s to a float. 
....................  * returns the converted value if any, 0 otherwise 
....................  */ 
.................... #define atof(s)   strtof(s, 0) 
....................  
.................... #if defined(__PCD__) 
.................... // The following functions only work on the 24 bit compiler 
.................... // for the 30F, 33F, 24F and 24H parts 
....................  
.................... /* Standard template: float48 atof48(char * s) 
....................  * converts the initial portion of the string s to a float. 
....................  * returns the converted value if any, 0 otherwise 
....................  */ 
.................... #define atof48(s) strtof48(s, 0) 
....................  
.................... /* Standard template: float64 atof64(char * s) 
....................  * converts the initial portion of the string s to a float. 
....................  * returns the converted value if any, 0 otherwise 
....................  */ 
.................... #define atof64(s) strtod(s, 0) 
.................... #endif 
....................  
.................... /* Standard template: float32 atoe(char * s) 
....................  * converts the initial portion of the string s to a float. 
....................  * returns the converted value if any, 0 otherwise 
....................  * also handles E format numbers 
....................  */ 
.................... #if !defined(__PCD__) 
.................... float atoe(char * s); 
.................... #endif 
....................  
.................... #if defined(__PCD__) 
.................... float32 atoe(char * s); 
.................... #endif 
....................  
.................... //--------------------------------------------------------------------------- 
.................... // Pseudo-random sequence generation functions 
.................... //--------------------------------------------------------------------------- 
....................  
.................... /* The rand function computes a sequence of pseudo-random integers in 
....................  * the range 0 to RAND_MAX 
....................  * 
....................  * Parameters: 
....................  *       (none) 
....................  * 
....................  * Returns: 
....................  *       The pseudo-random integer 
....................  */ 
.................... unsigned int16 rand(void); 
....................  
.................... /* The srand function uses the argument as a seed for a new sequence of 
....................  * pseudo-random numbers to be returned by subsequent calls to rand. 
....................  * 
....................  * Parameters: 
....................  *       [in] seed: The seed value to start from. You might need to pass 
....................  * 
....................  * Returns: 
....................  *       (none) 
....................  * 
....................  * Remarks 
....................  *          The srand function sets the starting point for generating 
....................  *       a series of pseudorandom integers. To reinitialize the 
....................  *       generator, use 1 as the seed argument. Any other value for 
....................  *       seed sets the generator to a random starting point. rand 
....................  *       retrieves the pseudorandom numbers that are generated. 
....................  *       Calling rand before any call to srand generates the same 
....................  *       sequence as calling srand with seed passed as 1. 
....................  *          Usually, you need to pass a time here from outer source 
....................  *       so that the numbers will be different every time you run. 
....................  */ 
.................... void srand(unsigned int32 seed); 
....................  
.................... //--------------------------------------------------------------------------- 
.................... // Memory management functions 
.................... //--------------------------------------------------------------------------- 
....................  
.................... // Comming soon 
....................  
.................... //--------------------------------------------------------------------------- 
.................... // Communication with the environment 
.................... //--------------------------------------------------------------------------- 
....................  
.................... /* The function returns 0 always 
....................  */ 
.................... signed int8 system(char *string); 
....................  
.................... //--------------------------------------------------------------------------- 
.................... // Searching and sorting utilities 
.................... //--------------------------------------------------------------------------- 
....................  
.................... /* Performs a binary search of a sorted array.. 
....................  * 
....................  * Parameters: 
....................  *       [in] key: Object to search for 
....................  *       [in] base: Pointer to base of search data 
....................  *       [in] num: Number of elements 
....................  *       [in] width: Width of elements 
....................  *       [in] compare: Function that compares two elements 
....................  * 
....................  * Returns: 
....................  *       bsearch returns a pointer to an occurrence of key in the array pointed 
....................  *       to by base. If key is not found, the function returns NULL. If the 
....................  *       array is not in order or contains duplicate records with identical keys, 
....................  *       the result is unpredictable. 
....................  */ 
.................... //void *bsearch(const void *key, const void *base, size_t num, size_t width, 
.................... //              int (*compare)(const void *, const void *)); 
....................  
.................... /* Performs the shell-metzner sort (not the quick sort algorithm). The contents 
....................  * of the array are sorted into ascending order according to a comparison 
....................  * function pointed to by compar. 
....................  * 
....................  * Parameters: 
....................  *       [in] base: Pointer to base of search data 
....................  *       [in] num: Number of elements 
....................  *       [in] width: Width of elements 
....................  *       [in] compare: Function that compares two elements 
....................  * 
....................  * Returns: 
....................  *       (none) 
....................  */ 
.................... //void *qsort(const void *base, size_t num, size_t width, 
.................... //              int (*compare)(const void *, const void *)); 
....................  
.................... //--------------------------------------------------------------------------- 
.................... // Integer arithmetic functions 
.................... //--------------------------------------------------------------------------- 
....................  
.................... #define labs abs 
....................  
.................... div_t div(signed int numer, signed int denom); 
.................... ldiv_t ldiv(signed long numer, signed long denom); 
....................  
.................... //--------------------------------------------------------------------------- 
.................... // Multibyte character functions 
.................... //--------------------------------------------------------------------------- 
....................  
.................... // Not supported 
....................  
.................... //--------------------------------------------------------------------------- 
.................... // Multibyte string functions 
.................... //--------------------------------------------------------------------------- 
....................  
.................... // Not supported 
....................  
....................  
.................... //--------------------------------------------------------------------------- 
.................... // Internal implementation 
.................... //--------------------------------------------------------------------------- 
....................  
.................... #include <stddef.h> 
.................... /////////////////////////////////////////////////////////////////////////// 
.................... ////        (C) Copyright 1996,2003 Custom Computer Services           //// 
.................... //// This source code may only be used by licensed users of the CCS C  //// 
.................... //// compiler.  This source code may only be distributed to other      //// 
.................... //// licensed users of the CCS C compiler.  No other use, reproduction //// 
.................... //// or distribution is permitted without written permission.          //// 
.................... //// Derivative programs created using this software in object code    //// 
.................... //// form are not restricted in any way.                               //// 
.................... /////////////////////////////////////////////////////////////////////////// 
....................  
.................... #ifndef _STDDEF 
....................  
.................... #define _STDDEF 
....................  
.................... #if sizeof(unsigned int8 *)==1 
.................... #define ptrdiff_t unsigned int8 
.................... #else 
.................... #define ptrdiff_t unsigned int16 
.................... #endif 
....................  
.................... #if defined(__PCB__) 
.................... #define size_t unsigned int8 
.................... #else 
.................... #define size_t unsigned int16 
.................... #endif 
.................... #define wchar_t char 
.................... #define NULL 0 
....................  
.................... #define offsetof(s,f) (offsetofbit(s,f)/8) 
....................  
.................... #endif 
....................  
.................... #include <string.h> 
.................... //////////////////////////////////////////////////////////////////////////// 
.................... ////        (C) Copyright 1996,2008 Custom Computer Services            //// 
.................... //// This source code may only be used by licensed users of the CCS C   //// 
.................... //// compiler.  This source code may only be distributed to other       //// 
.................... //// licensed users of the CCS C compiler.  No other use, reproduction  //// 
.................... //// or distribution is permitted without written permission.           //// 
.................... //// Derivative programs created using this software in object code     //// 
.................... //// form are not restricted in any way.                                //// 
.................... //////////////////////////////////////////////////////////////////////////// 
....................  
.................... #ifndef _STRING 
.................... #define _STRING 
.................... #include <stddef.h> 
.................... /////////////////////////////////////////////////////////////////////////// 
.................... ////        (C) Copyright 1996,2003 Custom Computer Services           //// 
.................... //// This source code may only be used by licensed users of the CCS C  //// 
.................... //// compiler.  This source code may only be distributed to other      //// 
.................... //// licensed users of the CCS C compiler.  No other use, reproduction //// 
.................... //// or distribution is permitted without written permission.          //// 
.................... //// Derivative programs created using this software in object code    //// 
.................... //// form are not restricted in any way.                               //// 
.................... /////////////////////////////////////////////////////////////////////////// 
....................  
.................... #ifndef _STDDEF 
....................  
.................... #define _STDDEF 
....................  
.................... #if sizeof(unsigned int8 *)==1 
.................... #define ptrdiff_t unsigned int8 
.................... #else 
.................... #define ptrdiff_t unsigned int16 
.................... #endif 
....................  
.................... #if defined(__PCB__) 
.................... #define size_t unsigned int8 
.................... #else 
.................... #define size_t unsigned int16 
.................... #endif 
.................... #define wchar_t char 
.................... #define NULL 0 
....................  
.................... #define offsetof(s,f) (offsetofbit(s,f)/8) 
....................  
.................... #endif 
....................  
.................... #include <ctype.h> 
.................... //////////////////////////////////////////////////////////////////////////// 
.................... ////        (C) Copyright 1996,2003 Custom Computer Services            //// 
.................... //// This source code may only be used by licensed users of the CCS C   //// 
.................... //// compiler.  This source code may only be distributed to other       //// 
.................... //// licensed users of the CCS C compiler.  No other use, reproduction  //// 
.................... //// or distribution is permitted without written permission.           //// 
.................... //// Derivative programs created using this software in object code     //// 
.................... //// form are not restricted in any way.                                //// 
.................... //////////////////////////////////////////////////////////////////////////// 
....................  
.................... #ifndef _CTYPE 
.................... #define _CTYPE 
....................  
.................... #define islower(x)  isamong(x,"abcdefghijklmnopqrstuvwxyz") 
.................... #define isupper(x)  isamong(x,"ABCDEFGHIJKLMNOPQRSTUVWXYZ") 
.................... #define isalnum(x)  isamong(x,"0123456789ABCDEFGHIJKLMNOPQRSTUVWXYZabcdefghijklmnopqrstuvwxyz") 
.................... #define isalpha(x)  isamong(x,"ABCDEFGHIJKLMNOPQRSTUVWXYZabcdefghijklmnopqrstuvwxyz") 
.................... #define isdigit(x)  isamong(x,"0123456789") 
.................... #define isspace(x)  ((x)==' ') 
.................... #define isxdigit(x) isamong(x,"0123456789ABCDEFabcdef") 
.................... #define iscntrl(x)  ((x)<' ') 
.................... #define isprint(x)  ((x)>=' ') 
.................... #define isgraph(x)  ((x)>' ') 
.................... #define ispunct(x)  (((x)>' ')&&!isalnum(x)) 
....................  
.................... #endif 
....................  
....................  
....................  
....................  
....................  
.................... ////////////////////////////////////////////// 
.................... //// Uncomment the following define to    //// 
.................... //// allow some functions to use a        //// 
.................... //// quicker algorithm, but use more ROM  //// 
.................... ////                                      //// 
.................... //// #define FASTER_BUT_MORE_ROM          //// 
.................... ////////////////////////////////////////////// 
....................  
....................  
....................  
.................... /*Copying functions*/ 
.................... /* standard template: 
....................    void *memmove(void *s1, void *s2, size_t n). 
....................    Copies max of n characters safely (not following ending '\0') 
....................    from s2 in s1; if s2 has less than n characters, appends 0 */ 
....................  
.................... char *memmove(void *s1,char *s2,size_t n) 
.................... { 
....................    char *sc1; 
....................    char *sc2; 
....................    sc1=s1; 
....................    sc2=s2; 
....................    if(sc2<sc1 && sc1 <sc2 +n) 
....................       for(sc1+=n,sc2+=n;0<n;--n) 
....................          *--sc1=*--sc2; 
....................    else 
....................       for(;0<n;--n) 
....................          *sc1++=*sc2++; 
....................   return s1; 
....................   } 
....................  
.................... /* Standard template: char *strcpy(char *s1, const char *s2) 
....................    copies the string s2 including the null character to s1. 
....................    This is a compiler built in to handle the different address 
....................    spaces */ 
....................  
.................... #define strcopy strcpy 
....................  
.................... /* standard template: 
....................    char *strncpy(char *s1, const char *s2, size_t n). 
....................    Copies max of n characters (not following ending '\0') 
....................    from s2 in s1; if s2 has less than n characters, appends 0 */ 
....................  
.................... char *strncpy(char *s1, char *s2, size_t n) 
.................... { 
....................   char *s; 
....................  
....................   for (s = s1; n > 0 && *s2 != '\0'; n--) 
....................      *s++ = *s2++; 
....................   for (; n > 0; n--) 
....................      *s++ = '\0'; 
....................  
....................   return(s1); 
.................... } 
.................... /***********************************************************/ 
....................  
.................... /*concatenation functions*/ 
.................... /* standard template: char *strcat(char *s1, const char *s2) 
.................... appends s2 to s1*/ 
....................  
.................... char *strcat(char *s1, char *s2) 
.................... { 
....................    char *s; 
....................  
....................    for (s = s1; *s != '\0'; ++s); 
....................    while(*s2 != '\0') 
....................    { 
....................       *s = *s2; 
....................       ++s; 
....................       ++s2; 
....................    } 
....................  
....................    *s = '\0'; 
....................    return(s1); 
.................... } 
.................... /* standard template: char *strncat(char *s1, char *s2,size_t n) 
.................... appends not more than n characters from s2 to s1*/ 
....................  
.................... char *strncat(char *s1, char *s2, size_t n) 
.................... { 
....................    char *s; 
....................  
....................    for (s = s1; *s != '\0'; ++s); 
....................    while(*s2 != '\0' && 0<n) 
....................    { 
....................       *s = *s2; 
....................       ++s; 
....................       ++s2; 
....................       --n; 
....................    } 
....................  
....................    *s = '\0'; 
....................    return(s1); 
.................... } 
....................  
.................... /***********************************************************/ 
....................  
....................  
.................... /*comparison functions*/ 
.................... /* standard template: signed int memcmp(void *s1, void *s2). 
....................    Compares s1 & s2; returns -1 if s1<s2, 0 if s1=s2, 1 if s1>s2 */ 
....................  
.................... signed int8 memcmp(void * s1,char *s2,size_t n) 
.................... { 
.................... char *su1, *su2; 
.................... for(su1=s1, su2=s2; 0<n; ++su1, ++su2, --n) 
.................... { 
....................    if(*su1!=*su2) 
....................       return ((*su1<*su2)?-1:+1); 
.................... } 
.................... return 0; 
.................... } 
....................  
.................... /* standard template: int strcmp(const char *s1, const char *s2). 
....................    Compares s1 & s2; returns -1 if s1<s2, 0 if s1=s2, 1 if s1>s2 */ 
....................  
.................... signed int8 strcmp(char *s1, char *s2) 
.................... { 
....................    for (; *s1 == *s2; s1++, s2++) 
....................       if (*s1 == '\0') 
....................          return(0); 
....................    return((*s1 < *s2) ? -1: 1); 
.................... } 
.................... /* standard template: int strcoll(const char *s1, const char *s2). 
....................    Compares s1 & s2; returns -1 if s1<s2, 0 if s1=s2, 1 if s1>s2 */ 
....................  
.................... signed int8 strcoll(char *s1, char *s2) 
.................... { 
....................    for (; *s1 == *s2; s1++, s2++) 
....................       if (*s1 == '\0') 
....................          return(0); 
....................    return((*s1 < *s2) ? -1: 1); 
.................... } 
....................  
.................... /* standard template: 
....................    int strncmp(const char *s1, const char *s2, size_t n). 
....................    Compares max of n characters (not following 0) from s1 to s2; 
....................    returns same as strcmp */ 
....................  
.................... signed int8 strncmp(char *s1, char *s2, size_t n) 
.................... { 
....................    for (; n > 0; s1++, s2++, n--) 
....................       if (*s1 != *s2) 
....................          return((*s1 <*s2) ? -1: 1); 
....................       else if (*s1 == '\0') 
....................          return(0); 
....................    return(0); 
.................... } 
.................... /* standard template: 
....................    int strxfrm(const char *s1, const char *s2, size_t n). 
....................    transforms maximum of n characters from s2 and places them into s1*/ 
.................... size_t strxfrm(char *s1, char *s2, size_t n) 
.................... { 
....................   char *s; 
....................   unsigned int8 n1; 
....................   n1=n; 
....................   for (s = s1; n > 0 && *s2 != '\0'; n--) 
....................      *s++ = *s2++; 
....................   for (; n > 0; n--) 
....................      *s++ = '\0'; 
....................  
....................   return(n1); 
.................... } 
....................  
....................  
....................  
....................  
....................  
.................... /***********************************************************/ 
.................... /*Search functions*/ 
.................... /* standard template: void *memchr(const char *s, int c). 
....................    Finds first occurrence of c in n characters of s */ 
....................  
.................... char *memchr(void *s,unsigned int8 c,size_t n) 
.................... { 
....................    char uc; 
....................    char *su; 
....................    uc=c; 
....................    for(su=s;0<n;++su,--n) 
....................       if(*su==uc) 
....................       return su; 
....................    return NULL; 
.................... } 
....................  
.................... /* standard template: char *strchr(const char *s, int c). 
....................    Finds first occurrence of c in s */ 
....................  
.................... char *strchr(char *s, unsigned int8 c) 
.................... { 
....................    for (; *s != c; s++) 
....................       if (*s == '\0') 
....................          return(0); 
....................    return(s); 
.................... } 
.................... /* standard template: 
....................    size_t strcspn(const char *s1, const char *s2). 
....................    Computes length of max initial segment of s1 that 
....................    consists entirely of characters NOT from s2*/ 
....................  
.................... unsigned int8  strcspn(char *s1, char *s2) 
.................... { 
....................    char *sc1, *sc2; 
....................  
....................    for (sc1 = s1; *sc1 != 0; sc1++) 
....................       for (sc2 = s2; *sc2 != 0; sc2++) 
....................          if (*sc1 == *sc2) 
....................             return(sc1 - s1); 
....................    return(sc1 - s1); 
.................... } 
.................... /* standard template: 
....................    char *strpbrk(const char *s1, const char *s2). 
....................    Locates first occurence of any character from s2 in s1; 
....................    returns s1 if s2 is empty string */ 
....................  
.................... char *strpbrk(char *s1, char *s2) 
.................... { 
....................    char *sc1, *sc2; 
....................  
....................    for (sc1 = s1; *sc1 != 0; sc1++) 
....................       for (sc2 = s2; *sc2 != 0; sc2++) 
....................          if (*sc1 == *sc2) 
....................             return(sc1); 
....................    return(0); 
.................... } 
....................  
....................  
.................... /* standard template: char *strrchr(const char *s, int c). 
....................    Finds last occurrence of c in s */ 
....................  
.................... char *strrchr(char *s, unsigned int8 c) 
.................... { 
....................    char *p; 
....................  
....................    for (p = 0; ; s++) 
....................    { 
....................       if (*s == c) 
....................          p = s; 
....................       if (*s == '\0') 
....................          return(p); 
....................    } 
.................... } 
.................... /* computes length of max initial segment of s1 consisting 
....................    entirely of characters from s2 */ 
....................  
.................... unsigned int8  strspn(char *s1, char *s2) 
.................... { 
....................    char *sc1, *sc2; 
....................  
....................    for (sc1 = s1; *sc1 != 0; sc1++) 
....................       for (sc2 = s2; ; sc2++) 
....................     if (*sc2 == '\0') 
....................        return(sc1 - s1); 
....................          else if (*sc1 == *sc2) 
....................             break; 
....................    return(sc1 - s1); 
.................... } 
.................... /* standard template: 
....................    char *strstr(const char *s1, const char *s2); 
....................    Locates first occurence of character sequence s2 in s1; 
....................    returns 0 if s2 is empty string 
....................  
....................    Uncomment #define FASTER_BUT_MORE_ROM at the top of the 
....................    file to use the faster algorithm */ 
.................... char *strstr(char *s1, char *s2) 
.................... { 
....................    char *s, *t; 
....................  
....................    #ifdef FASTER_BUT_MORE_ROM 
....................    if (*s2 == '\0') 
....................          return(s1); 
....................    #endif 
....................  
....................    while (*s1) 
....................    { 
....................       for(s = s1, t = s2; *t && (*s == *t); ++s, ++t); 
....................  
....................       if (*t == '\0') 
....................          return s1; 
....................       ++s1; 
....................       #ifdef FASTER_BUT_MORE_ROM 
....................          while(*s1 != '\0' && *s1 != *s2) 
....................             ++s1; 
....................       #endif 
....................    } 
....................    return 0; 
.................... } 
....................  
.................... /* standard template: char *strtok(char *s1, const char *s2). 
....................  
....................    Finds next token in s1 delimited by a character from separator 
....................    string s2 (which can be different from call to call).  First call 
....................    starts at beginning of s1 searching for first character NOT 
....................    contained in s2; returns 0 if none is found. 
....................    If one is found, it is the start of first token (return value). 
....................    Function then searches from there for a character contained in s2. 
....................    If none is found, current token extends to end of s1, and subsequent 
....................    searches for a token will return 0.  If one is found, it is 
....................    overwritten by '\0', which terminates current token.  Function saves 
....................    pointer to following character from which next search will start. 
....................    Each subsequent call, with 0 as first argument, starts searching 
....................    from saved pointer */ 
....................  
.................... char *strtok(char *s1, char *s2) 
.................... { 
....................    char *beg, *end; 
....................    static char *save; 
....................  
....................    beg = (s1)? s1: save; 
....................    beg += strspn(beg, s2); 
....................    if (*beg == '\0') 
....................    { 
....................       *save = ' '; 
....................       return(0); 
....................    } 
....................    end = strpbrk(beg, s2); 
....................    if (*end != '\0') 
....................    { 
....................       *end = '\0'; 
....................       end++; 
....................    } 
....................    save = end; 
....................    return(beg); 
.................... } 
....................  
.................... /*****************************************************************/ 
.................... /*Miscellaneous functions*/ 
.................... /* standard template 
.................... maps error number in errnum to an error message string 
.................... Returns: Pointer to string 
.................... */ 
.................... #ifdef _ERRNO 
.................... char * strerror(unsigned int8 errnum) 
.................... { 
.................... static char s[13]; 
.................... switch( errnum) 
.................... { 
.................... case 0: 
....................    strcpy(s,"no errors"); 
....................    return s; 
.................... case EDOM : 
....................    strcpy(s,"domain error"); 
....................    return s; 
.................... case ERANGE: 
....................    strcpy(s,"range error"); 
....................    return s; 
.................... } 
.................... } 
.................... #ENDIF 
.................... /* standard template: size_t strlen(const char *s). 
....................    Computes length of s1 (preceding terminating 0) */ 
....................  
.................... unsigned int8 strlen(char *s) 
.................... { 
....................    char *sc; 
....................  
....................    for (sc = s; *sc != 0; sc++); 
....................    return(sc - s); 
.................... } 
....................  
.................... /* standard template: size_t stricmp(const char *s1, const char *s2). 
....................    Compares s1 to s2 ignoring case (upper vs. lower) */ 
....................  
.................... signed int8 stricmp(char *s1, char *s2) 
.................... { 
....................  for(; *s1==*s2||(isalpha(*s1)&&isalpha(*s2)&&(*s1==*s2+32||*s2==*s1+32)); 
....................     s1++, s2++) 
....................     if (*s1 == '\0') 
....................        return(0); 
....................  return((*s1 < *s2) ? -1: 1); 
.................... } 
....................  
....................  
.................... /* standard template: char *strlwr(char *s). 
....................    Replaces uppercase letters by lowercase; 
....................    returns pointer to new string s */ 
....................  
.................... char *strlwr(char *s) 
.................... { 
....................    char *p; 
....................  
....................    for (p = s; *p != '\0'; p++) 
....................       if (*p >= 'A' && *p <='Z') 
....................          *p += 'a' - 'A'; 
....................    return(s); 
.................... } 
....................  
.................... /* standard template: char *strupr(char *s). 
....................    Replaces lowercase letters by upercase; 
....................    returns pointer to new string s */ 
....................  
.................... char *strupr(char *s) 
.................... { 
....................    char *p; 
....................  
....................    for (p = s; *p != '\0'; p++) 
....................       if (*p >= 'a' && *p <='z') 
....................          *p -= 'a' - 'A'; 
....................    return(s); 
.................... } 
....................  
....................  
.................... /************************************************************/ 
....................  
....................  
.................... #endif 
....................  
....................  
.................... div_t div(signed int numer, signed int denom) 
.................... { 
....................    div_t val; 
....................    val.quot = numer / denom; 
....................    val.rem = numer - (denom * val.quot); 
....................    return (val); 
.................... } 
....................  
.................... ldiv_t ldiv(signed long numer, signed long denom) 
.................... { 
....................    ldiv_t val; 
....................  
....................    val.quot = numer / denom; 
....................    val.rem = numer - (denom * val.quot); 
....................    return (val); 
.................... } 
....................  
.................... #if defined(__PCD__) 
.................... float32 atoe(char * s) 
.................... { 
....................    float32 pow10 = 1.0; 
....................    float32 result = 0.0; 
....................    unsigned int8 sign = 0; 
....................    unsigned int8 expsign = 0; 
....................    char c; 
....................    unsigned int8 ptr = 0; 
....................    unsigned int8 i; 
....................    float32 exp = 1.0; 
....................    unsigned int8 expcnt = 0; 
....................  
....................    c = s[ptr++]; 
....................  
....................    if ((c>='0' && c<='9') || c=='+' || c=='-' || c=='.' || c=='E' || c=='e') { 
....................       if(c == '-') { 
....................          sign = 1; 
....................          c = s[ptr++]; 
....................       } 
....................       if(c == '+') 
....................          c = s[ptr++]; 
....................  
....................       while((c >= '0' && c <= '9')) { 
....................          result = 10*result + c - '0'; 
....................          c = s[ptr++]; 
....................       } 
....................  
....................       if (c == '.') { 
....................          c = s[ptr++]; 
....................          while((c >= '0' && c <= '9')) { 
....................              pow10 = pow10*10; 
....................              result += (c - '0')/pow10; 
....................              c = s[ptr++]; 
....................          } 
....................       } 
....................  
....................       // Handling the exponent 
....................       if (c=='e' || c=='E') { 
....................          c = s[ptr++]; 
....................  
....................          if(c == '-') { 
....................             expsign = 1; 
....................             c = s[ptr++]; 
....................          } 
....................          if(c == '+') 
....................             c = s[ptr++]; 
....................  
....................          while((c >= '0' && c <= '9')) { 
....................             expcnt = 10*expcnt + c - '0'; 
....................             c = s[ptr++]; 
....................          } 
....................  
....................          for(i=0;i<expcnt;i++) 
....................             exp*=10; 
....................  
....................          if(expsign==1) 
....................             result/=exp; 
....................          else 
....................             result*=exp; 
....................       } 
....................    } 
....................  
....................    if (sign == 1) 
....................       result = -1*result; 
....................    return(result); 
.................... } 
.................... #endif 
....................  
.................... #if !defined(__PCD__) 
.................... float atoe(char * s) 
.................... { 
....................    float pow10 = 1.0; 
....................    float result = 0.0; 
....................    unsigned int8 sign = 0; 
....................    unsigned int8 expsign = 0; 
....................    char c; 
....................    unsigned int8 ptr = 0; 
....................    unsigned int8 i; 
....................    float exp = 1.0; 
....................    unsigned int8 expcnt = 0; 
....................  
....................    c = s[ptr++]; 
....................  
....................    if ((c>='0' && c<='9') || c=='+' || c=='-' || c=='.' || c=='E' || c=='e') { 
....................       if(c == '-') { 
....................          sign = 1; 
....................          c = s[ptr++]; 
....................       } 
....................       if(c == '+') 
....................          c = s[ptr++]; 
....................  
....................       while((c >= '0' && c <= '9')) { 
....................          result = 10*result + c - '0'; 
....................          c = s[ptr++]; 
....................       } 
....................  
....................       if (c == '.') { 
....................          c = s[ptr++]; 
....................          while((c >= '0' && c <= '9')) { 
....................              pow10 = pow10*10; 
....................              result += (c - '0')/pow10; 
....................              c = s[ptr++]; 
....................          } 
....................       } 
....................  
....................       // Handling the exponent 
....................       if (c=='e' || c=='E') { 
....................          c = s[ptr++]; 
....................  
....................          if(c == '-') { 
....................             expsign = 1; 
....................             c = s[ptr++]; 
....................          } 
....................          if(c == '+') 
....................             c = s[ptr++]; 
....................  
....................          while((c >= '0' && c <= '9')) { 
....................             expcnt = 10*expcnt + c - '0'; 
....................             c = s[ptr++]; 
....................          } 
....................  
....................          for(i=0;i<expcnt;i++) 
....................             exp*=10; 
....................  
....................          if(expsign==1) 
....................             result/=exp; 
....................          else 
....................             result*=exp; 
....................       } 
....................    } 
....................  
....................    if (sign == 1) 
....................       result = -1*result; 
....................    return(result); 
.................... } 
.................... #endif 
....................  
.................... signed int atoi(char *s) 
.................... { 
....................    signed int result; 
....................    unsigned int sign, base, index; 
....................    char c; 
....................  
....................    index = 0; 
....................    sign = 0; 
....................    base = 10; 
....................    result = 0; 
....................  
....................    if (!s) 
....................       return 0; 
....................    // Omit all preceeding alpha characters 
....................    c = s[index++]; 
....................  
....................    // increase index if either positive or negative sign is detected 
....................    if (c == '-') 
....................    { 
....................       sign = 1;         // Set the sign to negative 
....................       c = s[index++]; 
....................    } 
....................    else if (c == '+') 
....................    { 
....................       c = s[index++]; 
....................    } 
....................  
....................    if (c >= '0' && c <= '9') 
....................    { 
....................  
....................       // Check for hexa number 
....................       if (c == '0' && (s[index] == 'x' || s[index] == 'X')) 
....................       { 
....................          base = 16; 
....................          index++; 
....................          c = s[index++]; 
....................       } 
....................  
....................       // The number is a decimal number 
....................       if (base == 10) 
....................       { 
....................          while (c >= '0' && c <= '9') 
....................          { 
....................             result = 10*result + (c - '0'); 
....................             c = s[index++]; 
....................          } 
....................       } 
....................       else if (base == 16)    // The number is a hexa number 
....................       { 
....................          c = toupper(c); 
....................          while ( (c >= '0' && c <= '9') || (c >= 'A' && c<='F')) 
....................          { 
....................             if (c >= '0' && c <= '9') 
....................                result = (result << 4) + (c - '0'); 
....................             else 
....................                result = (result << 4) + (c - 'A' + 10); 
....................  
....................             c = s[index++]; 
....................             c = toupper(c); 
....................          } 
....................       } 
....................    } 
....................  
....................    if (sign == 1 && base == 10) 
....................        result = -result; 
....................  
....................    return(result); 
.................... } 
....................  
.................... signed long atol(char *s) 
.................... { 
....................    signed long result; 
....................    unsigned int sign, base, index; 
....................    char c; 
....................  
....................    index = 0; 
....................    sign = 0; 
....................    base = 10; 
....................    result = 0; 
....................  
....................    if (!s) 
....................       return 0; 
....................    c = s[index++]; 
....................  
....................    // increase index if either positive or negative sign is detected 
....................    if (c == '-') 
....................    { 
....................       sign = 1;         // Set the sign to negative 
....................       c = s[index++]; 
....................    } 
....................    else if (c == '+') 
....................    { 
....................       c = s[index++]; 
....................    } 
....................  
....................    if (c >= '0' && c <= '9') 
....................    { 
....................       if (c == '0' && (s[index] == 'x' || s[index] == 'X')) 
....................       { 
....................          base = 16; 
....................          index++; 
....................          c = s[index++]; 
....................       } 
....................  
....................       // The number is a decimal number 
....................       if (base == 10) 
....................       { 
....................          while (c >= '0' && c <= '9') 
....................          { 
....................             result = 10*result + (c - '0'); 
....................             c = s[index++]; 
....................          } 
....................       } 
....................       else if (base == 16)    // The number is a hexa number 
....................       { 
....................          c = toupper(c); 
....................          while ( (c >= '0' && c <= '9') || (c >= 'A' && c <='F')) 
....................          { 
....................             if (c >= '0' && c <= '9') 
....................                result = (result << 4) + (c - '0'); 
....................             else 
....................                result = (result << 4) + (c - 'A' + 10); 
....................  
....................             c = s[index++];c = toupper(c); 
....................          } 
....................       } 
....................    } 
....................  
....................    if (base == 10 && sign == 1) 
....................       result = -result; 
....................  
....................    return(result); 
.................... } 
....................  
.................... /* A fast routine to multiply by 10 
....................  */ 
.................... signed int32 mult_with10(int32 num) 
.................... { 
....................    return ( (num << 1) + (num << 3) ); 
.................... } 
....................  
.................... #if sizeof(long)==2 
.................... signed int32 atoi32(char *s) 
.................... { 
....................    signed int32 result; 
....................    int8 sign, base, index; 
....................    char c; 
....................  
....................    index = 0; 
....................    sign = 0; 
....................    base = 10; 
....................    result = 0; 
....................  
....................    if (!s) 
....................       return 0; 
....................    c = s[index++]; 
....................  
....................    // increase index if either positive or negative sign is detected 
....................    if (c == '-') 
....................    { 
....................       sign = 1;         // Set the sign to negative 
....................       c = s[index++]; 
....................    } 
....................    else if (c == '+') 
....................    { 
....................       c = s[index++]; 
....................    } 
....................  
....................    if (c >= '0' && c <= '9') 
....................    { 
....................       if (c == '0' && (s[index] == 'x' || s[index] == 'X')) 
....................       { 
....................          base = 16; 
....................          index++; 
....................          c = s[index++]; 
....................       } 
....................  
....................       // The number is a decimal number 
....................       if (base == 10) 
....................       { 
....................          while (c >= '0' && c <= '9') { 
....................             result = (result << 1) + (result << 3);  // result *= 10; 
....................             result += (c - '0'); 
....................             c = s[index++]; 
....................          } 
....................       } 
....................       else if (base == 16)    // The number is a hexa number 
....................       { 
....................          c = toupper(c); 
....................          while ((c >= '0' && c <= '9') || (c >= 'A' && c <='F')) 
....................          { 
....................             if (c >= '0' && c <= '9') 
....................                result = (result << 4) + (c - '0'); 
....................             else 
....................                result = (result << 4) + (c - 'A' + 10); 
....................  
....................             c = s[index++];c = toupper(c); 
....................          } 
....................       } 
....................    } 
....................  
....................    if (base == 10 && sign == 1) 
....................       result = -result; 
....................  
....................    return(result); 
.................... } 
.................... #endif 
....................  
.................... #if defined(__PCD__) 
....................  
.................... signed int48 atoi48(char *s) 
.................... { 
....................    signed int48 result; 
....................    int8 sign, base, index; 
....................    char c; 
....................  
....................    index = 0; 
....................    sign = 0; 
....................    base = 10; 
....................    result = 0; 
....................  
....................    if (!s) 
....................       return 0; 
....................    c = s[index++]; 
....................  
....................    // increase index if either positive or negative sign is detected 
....................    if (c == '-') 
....................    { 
....................       sign = 1;         // Set the sign to negative 
....................       c = s[index++]; 
....................    } 
....................    else if (c == '+') 
....................    { 
....................       c = s[index++]; 
....................    } 
....................  
....................    if (c >= '0' && c <= '9') 
....................    { 
....................       if (c == '0' && (s[index] == 'x' || s[index] == 'X')) 
....................       { 
....................          base = 16; 
....................          index++; 
....................          c = s[index++]; 
....................       } 
....................  
....................       // The number is a decimal number 
....................       if (base == 10) 
....................       { 
....................          while (c >= '0' && c <= '9') { 
....................             result = (result << 1) + (result << 3);  // result *= 10; 
....................             result += (c - '0'); 
....................             c = s[index++]; 
....................          } 
....................       } 
....................       else if (base == 16)    // The number is a hexa number 
....................       { 
....................          c = toupper(c); 
....................          while ((c >= '0' && c <= '9') || (c >= 'A' && c <='F')) 
....................          { 
....................             if (c >= '0' && c <= '9') 
....................                result = (result << 4) + (c - '0'); 
....................             else 
....................                result = (result << 4) + (c - 'A' + 10); 
....................  
....................             c = s[index++];c = toupper(c); 
....................          } 
....................       } 
....................    } 
....................  
....................    if (base == 10 && sign == 1) 
....................       result = -result; 
....................  
....................    return(result); 
.................... } 
....................  
.................... signed int64 atoi64(char *s) 
.................... { 
....................    signed int64 result; 
....................    int8 sign, base, index; 
....................    char c; 
....................  
....................    index = 0; 
....................    sign = 0; 
....................    base = 10; 
....................    result = 0; 
....................  
....................    if (!s) 
....................       return 0; 
....................    c = s[index++]; 
....................  
....................    // increase index if either positive or negative sign is detected 
....................    if (c == '-') 
....................    { 
....................       sign = 1;         // Set the sign to negative 
....................       c = s[index++]; 
....................    } 
....................    else if (c == '+') 
....................    { 
....................       c = s[index++]; 
....................    } 
....................  
....................    if (c >= '0' && c <= '9') 
....................    { 
....................       if (c == '0' && (s[index] == 'x' || s[index] == 'X')) 
....................       { 
....................          base = 16; 
....................          index++; 
....................          c = s[index++]; 
....................       } 
....................  
....................       // The number is a decimal number 
....................       if (base == 10) 
....................       { 
....................          while (c >= '0' && c <= '9') { 
....................             result = (result << 1) + (result << 3);  // result *= 10; 
....................             result += (c - '0'); 
....................             c = s[index++]; 
....................          } 
....................       } 
....................       else if (base == 16)    // The number is a hexa number 
....................       { 
....................          c = toupper(c); 
....................          while ((c >= '0' && c <= '9') || (c >= 'A' && c <='F')) 
....................          { 
....................             if (c >= '0' && c <= '9') 
....................                result = (result << 4) + (c - '0'); 
....................             else 
....................                result = (result << 4) + (c - 'A' + 10); 
....................  
....................             c = s[index++];c = toupper(c); 
....................          } 
....................       } 
....................    } 
....................  
....................    if (base == 10 && sign == 1) 
....................       result = -result; 
....................  
....................    return(result); 
.................... } 
.................... #endif 
....................  
.................... char * itoa(signed int32 num, unsigned int base, char * s) 
.................... { 
....................      unsigned int32 temp=1; 
....................      unsigned int8 i,sign=0,cnt=0; 
....................      char c; 
....................  
....................      if(num<0) { 
....................          sign=1;        // Check for negative number 
....................          num*=-1; 
....................      } 
....................  
....................      while(temp>0) { 
....................          temp=(num/base); 
....................          s[cnt]=(num%base)+'0';    // Conversion 
....................  
....................          if(s[cnt]>0x39) 
....................             s[cnt]+=0x7; 
....................  
....................          cnt++; 
....................          num=temp; 
....................      } 
....................  
....................      if(sign==1) { 
....................          s[cnt]=0x2D;      // Negative sign 
....................          cnt++; 
....................      } 
....................  
....................      for(i = 0;i<(int8)(cnt/2);i++) { 
....................  
....................          c=s[i]; 
....................          s[i]=s[cnt-i-1];        // Reverse the number 
....................          s[cnt-i-1]=c; 
....................      } 
....................      s[cnt]='\0';     // End the string 
....................      return s; 
.................... } 
....................  
.................... #if defined(__PCD__) 
....................  
.................... char * itoa(signed int48 num, unsigned int base, char * s) 
.................... { 
....................      unsigned int48 temp=1; 
....................      unsigned int8 i,sign=0,cnt=0; 
....................      char c; 
....................  
....................      if(num<0) { 
....................          sign=1;        // Check for negative number 
....................          num*=-1; 
....................      } 
....................  
....................      while(temp>0) { 
....................          temp=(num/base); 
....................          s[cnt]=(num%base)+'0';    // Conversion 
....................  
....................          if(s[cnt]>0x39) 
....................             s[cnt]+=0x7; 
....................  
....................          cnt++; 
....................          num=temp; 
....................      } 
....................  
....................      if(sign==1) { 
....................          s[cnt]=0x2D;      // Negative sign 
....................          cnt++; 
....................      } 
....................  
....................      for(i = 0;i<(int8)(cnt/2);i++) { 
....................  
....................          c=s[i]; 
....................          s[i]=s[cnt-i-1];        // Reverse the number 
....................          s[cnt-i-1]=c; 
....................      } 
....................      s[cnt]='\0';     // End the string 
....................      return s; 
.................... } 
....................  
.................... char * itoa(signed int64 num, unsigned int base, char * s) 
.................... { 
....................      unsigned int64 temp=1; 
....................      unsigned int8 i,sign=0,cnt=0; 
....................      char c; 
....................       
....................      if(num<0) { 
....................          sign=1;        // Check for negative number 
....................          num*=-1;         
....................      } 
....................  
....................      while(temp>0) { 
....................          temp=(num/base); 
....................          s[cnt]=(num%base)+'0';    // Conversion 
....................  
....................          if(s[cnt]>0x39) 
....................             s[cnt]+=0x7; 
....................              
....................          cnt++; 
....................          num=temp; 
....................      } 
....................  
....................      if(sign==1) { 
....................          s[cnt]=0x2D;      // Negative sign 
....................          cnt++; 
....................      } 
....................  
....................      for(i = 0;i<(int8)(cnt/2);i++) { 
....................  
....................          c=s[i]; 
....................          s[i]=s[cnt-i-1];        // Reverse the number 
....................          s[cnt-i-1]=c; 
....................      } 
....................      s[cnt]='\0';     // End the string 
....................      return s; 
.................... } 
....................  
.................... #endif 
....................  
.................... float strtof(char *s, char *endptr) 
.................... { 
....................    float pow10 = 1.0; 
....................    float result = 0.0; 
....................    int1 skip = 1, sign = 0, point = 0; 
....................    char c; 
....................    unsigned int8 ptr = 0; 
....................  
....................    if (!s) 
....................       return 0; 
....................  
....................    for(c=s[ptr++]; c!=0; c=s[ptr++]) 
....................    { 
....................       if (skip && !isspace(c)) 
....................       { 
....................          skip = 0; 
....................          if (c == '+') 
....................          { 
....................             sign = 0; 
....................             continue; 
....................          }             
....................          else if (c == '-') 
....................          { 
....................             sign = 1; 
....................             continue; 
....................          } 
....................       } 
....................       if (!skip && (c == '.') && !point) 
....................          point = 1; 
....................       else if (!skip && isdigit(c)) 
....................       { 
....................          c -= '0'; 
....................          if (point) 
....................          { 
....................             pow10 = pow10 * 10.0; 
....................             result += (float)c / pow10;    
....................          } 
....................          else 
....................          { 
....................             result = 10.0 * result + (float)c; 
....................          } 
....................       } 
....................       else if (!skip) 
....................          break; 
....................    } 
....................  
....................    if (sign) 
....................       result = -1*result; 
....................        
....................    if(endptr) 
....................    { 
....................       if (ptr) { 
....................          ptr--; 
....................        #IF LONG_POINTERS  
....................          *((int16 *)endptr)= s+ptr;  
....................        #ELSE 
....................          *((char *)endptr)=s+ptr; 
....................        #ENDIF 
....................       } 
....................       else 
....................       { 
....................       #IF LONG_POINTERS 
....................       *((int16 *)endptr)= s;  
....................       #ELSE 
....................       *((char *)endptr)=s; 
....................       #ENDIF 
....................       } 
....................    } 
....................  
....................    return(result); 
.................... } 
....................  
.................... #if defined(__PCD__) 
.................... float48 strtof48(char *s, char *endptr) 
.................... { 
....................    float48 pow10 = 1.0; 
....................    float48 result = 0.0; 
....................    int1 skip = 1, sign = 0, point = 0; 
....................    char c; 
....................    unsigned int8 ptr = 0; 
....................  
....................    if (!s) 
....................       return 0; 
....................  
....................    for(c=s[ptr++]; c!=0; c=s[ptr++]) 
....................    { 
....................       if (skip && !isspace(c)) 
....................       { 
....................          skip = 0; 
....................          if (c == '+') 
....................          { 
....................             sign = 0; 
....................             continue; 
....................          }             
....................          else if (c == '-') 
....................          { 
....................             sign = 1; 
....................             continue; 
....................          } 
....................       } 
....................       if (!skip && (c == '.') && !point) 
....................          point = 1; 
....................       else if (!skip && isdigit(c)) 
....................       { 
....................          c -= '0'; 
....................          if (point) 
....................          { 
....................             pow10 = pow10 * 10.0; 
....................             result += (float48)c / pow10;    
....................          } 
....................          else 
....................          { 
....................             result = 10.0 * result + (float48)c; 
....................          } 
....................       } 
....................       else if (!skip) 
....................          break; 
....................    } 
....................  
....................    if (sign) 
....................       result = -1*result; 
....................        
....................    if(endptr) 
....................    { 
....................       if (ptr) { 
....................          ptr--; 
....................        #IF LONG_POINTERS  
....................          *((int16 *)endptr)= s+ptr;  
....................        #ELSE 
....................          *((char *)endptr)=s+ptr; 
....................        #ENDIF 
....................       } 
....................       else 
....................       { 
....................       #IF LONG_POINTERS 
....................       *((int16 *)endptr)= s;  
....................       #ELSE 
....................       *((char *)endptr)=s; 
....................       #ENDIF 
....................       } 
....................    } 
....................  
....................    return(result); 
.................... } 
....................  
.................... float64 strtod(char *s, char *endptr) 
.................... { 
....................    float64 pow10 = 1.0; 
....................    float64 result = 0.0; 
....................    int1 skip = 1, sign = 0, point = 0; 
....................    char c; 
....................    unsigned int8 ptr = 0; 
....................  
....................    if (!s) 
....................       return 0; 
....................  
....................    for(c=s[ptr++]; c!=0; c=s[ptr++]) 
....................    { 
....................       if (skip && !isspace(c)) 
....................       { 
....................          skip = 0; 
....................          if (c == '+') 
....................          { 
....................             sign = 0; 
....................             continue; 
....................          }             
....................          else if (c == '-') 
....................          { 
....................             sign = 1; 
....................             continue; 
....................          } 
....................       } 
....................       if (!skip && (c == '.') && !point) 
....................          point = 1; 
....................       else if (!skip && isdigit(c)) 
....................       { 
....................          c -= '0'; 
....................          if (point) 
....................          { 
....................             pow10 = pow10 * 10.0; 
....................             result += (float64)c / pow10;    
....................          } 
....................          else 
....................          { 
....................             result = 10.0 * result + (float64)c; 
....................          } 
....................       } 
....................       else if (!skip) 
....................          break; 
....................    } 
....................  
....................    if (sign) 
....................       result = -1*result; 
....................        
....................    if(endptr) 
....................    { 
....................       if (ptr) { 
....................          ptr--; 
....................        #IF LONG_POINTERS  
....................          *((int16 *)endptr)= s+ptr;  
....................        #ELSE 
....................          *((char *)endptr)=s+ptr; 
....................        #ENDIF 
....................       } 
....................       else 
....................       { 
....................       #IF LONG_POINTERS 
....................       *((int16 *)endptr)= s;  
....................       #ELSE 
....................       *((char *)endptr)=s; 
....................       #ENDIF 
....................       } 
....................    } 
....................  
....................    return(result); 
.................... } 
.................... #endif 
....................  
.................... unsigned long strtoul(char *s, char *endptr, signed int base) 
.................... { 
....................    char *sc,*s1,*sd; 
....................    unsigned long x=0; 
....................    char sign; 
....................    char digits[]="0123456789abcdefghijklmnopqstuvwxyz"; 
....................    for(sc=s;isspace(*sc);++sc); 
....................    sign=*sc=='-'||*sc=='+'?*sc++:'+'; 
....................    if(sign=='-' || base <0 || base ==1|| base >36) // invalid base 
....................    goto StrtoulGO; 
....................  
....................    else if (base) 
....................    { 
....................       if(base==16 && *sc =='0'&&(sc[1]=='x' || sc[1]=='X')) 
....................          sc+=2; 
....................       if(base==8 && *sc =='0') 
....................          sc+=1; 
....................       if(base==2 && *sc =='0'&&sc[1]=='b') 
....................          sc+=2; 
....................  
....................    } 
....................    else if(*sc!='0') // base is 0, find base 
....................       base=10; 
....................    else if (sc[1]=='x' || sc[1]=='X') 
....................       base =16,sc+=2; 
....................    else if(sc[1]=='b') 
....................       base=2,sc+=2; 
....................    else 
....................       base=8; 
....................    for (s1=sc;*sc=='0';++sc);// skip leading zeroes 
....................    sd=memchr(digits,tolower(*sc),base); 
....................    for(; sd!=0; ) 
....................    { 
....................       x=x*base+(int16)(sd-digits); 
....................       ++sc; 
....................       sd=memchr(digits,tolower(*sc),base); 
....................    } 
....................    if(s1==sc) 
....................    { 
....................    StrtoulGO: 
....................       if (endptr) 
....................       { 
....................          #IF LONG_POINTERS 
....................          *((int16 *)endptr)= s;  
....................          #ELSE 
....................          *((char *)endptr)=s; 
....................          #ENDIF 
....................          } 
....................    return 0; 
....................    } 
....................    if (endptr) 
....................    { 
....................          #IF LONG_POINTERS 
....................          *((int16 *)endptr)= sc;  
....................          #ELSE 
....................          *((char *)endptr)=sc;  
....................          #ENDIF 
....................    } 
....................    return x; 
.................... } 
....................  
....................  
.................... signed long strtol(char *s,char *endptr, signed int base) 
.................... { 
....................    char *sc,*s1,*sd; 
....................    signed long x=0; 
....................    char sign; 
....................    char digits[]="0123456789abcdefghijklmnopqstuvwxyz"; 
....................    for(sc=s;isspace(*sc);++sc); 
....................    sign=*sc=='-'||*sc=='+'?*sc++:'+'; 
....................    if (base <0 || base ==1|| base >36) // invalid base 
....................    goto StrtolGO; 
....................    else if (base) 
....................    { 
....................       if(base==16 && *sc =='0'&&(sc[1]=='x' || sc[1]=='X')) 
....................          sc+=2; 
....................       if(base==8 && *sc =='0') 
....................          sc+=1; 
....................       if(base==2 && *sc =='0'&&sc[1]=='b') 
....................          sc+=2; 
....................  
....................    } 
....................    else if(*sc!='0') // base is 0, find base 
....................       base=10; 
....................    else if (sc[1]=='x' || sc[1]=='X') 
....................       base =16,sc+=2; 
....................    else if(sc[1]=='b') 
....................       base=2,sc+=2; 
....................    else 
....................       base=8; 
....................    for (s1=sc;*sc=='0';++sc);// skip leading zeroes 
....................  
....................    sd=memchr(digits,tolower(*sc),base); 
....................    for(;sd!=0;) 
....................    { 
....................       x=x*base+(int16)(sd-digits); 
....................       ++sc; 
....................       sd=memchr(digits,tolower(*sc),base); 
....................    } 
....................    if(s1==sc) 
....................    { 
....................    StrtolGO: 
....................       if (endptr) 
....................       { 
....................          #IF LONG_POINTERS 
....................          *((int16 *)endptr)= s;  
....................          #ELSE 
....................          *((char *)endptr)=s; 
....................          #ENDIF 
....................       } 
....................    return 0; 
....................    } 
....................    if(sign=='-') 
....................       x  =-x; 
....................    if (endptr) 
....................    { 
....................         #IF LONG_POINTERS 
....................          *((int16 *)endptr)= sc;  
....................         #ELSE 
....................         *((char *)endptr)=sc; 
....................         #ENDIF 
....................    } 
....................    return x; 
.................... } 
....................  
.................... signed int8 system(char *string) 
.................... { 
....................    return 0; 
.................... } 
....................  
.................... int8 mblen(char *s,size_t n) 
.................... { 
....................    return strlen(s); 
.................... } 
....................  
.................... int8 mbtowc(wchar_t *pwc,char *s,size_t n) 
.................... { 
....................    *pwc=*s; 
....................    return 1; 
.................... } 
....................  
.................... int8 wctomb(char *s,wchar_t wchar) 
.................... { 
....................    *s=wchar; 
....................    return 1; 
.................... } 
....................  
.................... size_t mbstowcs(wchar_t *pwcs,char *s,size_t n) 
.................... { 
....................    strncpy(pwcs,s,n); 
....................    return strlen(pwcs); 
.................... } 
....................  
.................... size_t wcstombs(char *s,wchar_t *pwcs,size_t n) 
.................... { 
....................    strncpy(s,pwcs,n); 
....................    return strlen(s); 
.................... } 
....................  
.................... //--------------------------------------------------------------------------- 
.................... // The random number implementation 
.................... //--------------------------------------------------------------------------- 
....................  
.................... unsigned int32 _Randseed; 
....................  
.................... unsigned int16 rand(void) 
.................... { 
....................    _Randseed = _Randseed * 1103515245 + 12345; 
....................    return ((unsigned int16)(_Randseed >> 16) % RAND_MAX); 
.................... } 
....................  
.................... void srand(unsigned int32 seed) 
.................... { 
....................    _Randseed = seed; 
.................... } 
....................  
.................... //--------------------------------------------------------------------------- 
.................... // Searching and sorting utilities implementation 
.................... //--------------------------------------------------------------------------- 
....................  
.................... #if !defined(__PCD__) 
.................... typedef signed int8 (*_Cmpfun)(char * p1,char * p2);  
.................... #else  
.................... typedef signed int16 (*_Cmpfun)(char * p1,char * p2);  
.................... #endif 
....................  
....................  
....................  
.................... void qsort(char * qdata, unsigned int qitems, unsigned int qsize, _Cmpfun cmp) { 
....................    unsigned int m,j,i,l; 
....................    int1 done; 
....................    unsigned int8 t[16]; 
....................  
....................    m = qitems/2; 
....................    while( m > 0 ) { 
....................      for(j=0; j<(qitems-m); ++j) { 
....................         i = j; 
....................         do 
....................         { 
....................            done=1; 
....................            l = i+m; 
....................            if( (*cmp)(qdata+i*qsize, qdata+l*qsize) > 0 ) { 
....................               memcpy(t, qdata+i*qsize, qsize); 
....................               memcpy(qdata+i*qsize, qdata+l*qsize, qsize); 
....................               memcpy(qdata+l*qsize, t, qsize); 
....................               if(m <= i) 
....................                 i -= m; 
....................                 done = 0; 
....................            } 
....................         } while(!done); 
....................      } 
....................      m = m/2; 
....................    } 
.................... } 
....................  
....................  
.................... char *bsearch(char *key, char *base, size_t num, size_t width,_Cmpfun cmp) 
.................... { 
....................    char *p, *q; 
....................    size_t n; 
....................    size_t pivot; 
....................    signed int val; 
....................  
....................    p = base; 
....................    n = num; 
....................  
....................    while (n > 0) 
....................    { 
....................       pivot = n >> 1; 
....................       q = p + width * pivot; 
....................  
....................       val = (*cmp)(key, q); 
....................  
....................       if (val < 0) 
....................          n = pivot; 
....................       else if (val == 0) 
....................          return ((char *)q); 
....................       else { 
....................          p = q + width; 
....................          n -= pivot + 1; 
....................       } 
....................    } 
....................  
....................    return NULL;      // There's no match 
.................... } 
....................  
....................  
.................... #endif 
....................  
....................  
.................... #use delay(clock=16000000) 
.................... #fuses HS, NOWDT, NOPROTECT, PUT, BROWNOUT, NOLVP, NOMCLR 
....................  
.................... #use i2c(Master, Fast, sda=PIN_C4, scl=PIN_C3) 
*
00024:  MOVLW  08
00026:  MOVWF  01
00028:  NOP   
0002A:  BCF    F8B.3
0002C:  BCF    F94.3
0002E:  NOP   
00030:  RLCF   12,F
00032:  BCF    F8B.4
00034:  BTFSC  FD8.0
00036:  BSF    F94.4
00038:  BTFSS  FD8.0
0003A:  BCF    F94.4
0003C:  BSF    F94.3
0003E:  BTFSS  F82.3
00040:  BRA    003E
00042:  DECFSZ 01,F
00044:  BRA    0028
00046:  NOP   
00048:  BCF    F8B.3
0004A:  BCF    F94.3
0004C:  NOP   
0004E:  BSF    F94.4
00050:  NOP   
00052:  NOP   
00054:  BSF    F94.3
00056:  BTFSS  F82.3
00058:  BRA    0056
0005A:  CLRF   01
0005C:  NOP   
0005E:  BTFSC  F82.4
00060:  BSF    01.0
00062:  BCF    F8B.3
00064:  BCF    F94.3
00066:  BCF    F8B.4
00068:  BCF    F94.4
0006A:  RETURN 0
0006C:  MOVLW  08
0006E:  MOVWF  13
00070:  MOVFF  00,14
00074:  BSF    F94.4
00076:  NOP   
00078:  BSF    F94.3
0007A:  BTFSS  F82.3
0007C:  BRA    007A
0007E:  BTFSC  F82.4
00080:  BSF    FD8.0
00082:  BTFSS  F82.4
00084:  BCF    FD8.0
00086:  RLCF   01,F
00088:  NOP   
0008A:  BCF    F94.3
0008C:  BCF    F8B.3
0008E:  DECFSZ 13,F
00090:  BRA    0074
00092:  BSF    F94.4
00094:  NOP   
00096:  BCF    F8B.4
00098:  MOVF   14,W
0009A:  BTFSS  FD8.2
0009C:  BCF    F94.4
0009E:  NOP   
000A0:  BSF    F94.3
000A2:  BTFSS  F82.3
000A4:  BRA    00A2
000A6:  NOP   
000A8:  BCF    F8B.3
000AA:  BCF    F94.3
000AC:  NOP   
000AE:  BCF    F8B.4
000B0:  BCF    F94.4
000B2:  RETURN 0
....................  
.................... #define RTC_DS1307_WRITTE_ADD 0xD0 
.................... #define RTC_DS1307_READ_ADD 0xD1 
.................... #define INIT_READ_DATA 0x00 
.................... #define ACK_ACUSE 0x00 
....................  
.................... //int BufferDatos[9]; 
.................... //int cont_Buff = 0; 
.................... int hrs = 0, min = 0, sec = 0; 
.................... int print = 0; 
....................  
.................... #define __DEBUG_SERIAL__ 
....................  
.................... #ifdef __DEBUG_SERIAL__ 
....................    #define TX_232        PIN_C6 
....................    #define RX_232        PIN_C7 
....................    #use RS232(BAUD=9600, XMIT=TX_232, BITS=8, PARITY=N, STOP=1, UART1, RCV=RX_232) 
....................    #use fast_io(c) 
.................... #endif 
....................  
.................... int converBCD(BYTE bcd); 
.................... void rtc_get_time(BYTE& hr, BYTE& min, BYTE& sec, int &print); 
....................  
.................... void main(void) 
*
00190:  CLRF   FF8
00192:  BCF    FD0.7
00194:  CLRF   0A
00196:  CLRF   0B
00198:  CLRF   0C
0019A:  CLRF   0D
0019C:  BSF    FB8.3
0019E:  MOVLW  A0
001A0:  MOVWF  FAF
001A2:  MOVLW  01
001A4:  MOVWF  FB0
001A6:  MOVLW  A6
001A8:  MOVWF  FAC
001AA:  MOVLW  90
001AC:  MOVWF  FAB
001AE:  MOVF   FC1,W
001B0:  ANDLW  C0
001B2:  IORLW  0F
001B4:  MOVWF  FC1
001B6:  MOVLW  07
001B8:  MOVWF  FB4
001BA:  CLRF   04
001BC:  CLRF   05
.................... { 
....................    enable_interrupts(GLOBAL | INT_SSP); 
001BE:  MOVLW  C8
001C0:  IORWF  FFF,F
....................    set_tris_c(0x19); 
001C2:  MOVLW  19
001C4:  MOVWF  F94
....................    rtc_get_time(hrs, min, sec, print); 
....................    while(TRUE) 
....................    { 
....................       if(print == 1) 
*
00250:  DECFSZ 0D,W
00252:  BRA    029E
....................       { 
....................          printf("Hora %u, Minuto %u, Segundos %u",hrs,min,sec); 
00254:  MOVLW  04
00256:  MOVWF  FF6
00258:  MOVLW  00
0025A:  MOVWF  FF7
0025C:  MOVLW  05
0025E:  MOVWF  0E
00260:  RCALL  00DC
00262:  MOVFF  0A,0E
00266:  MOVLW  1B
00268:  MOVWF  0F
0026A:  RCALL  0124
0026C:  MOVLW  0B
0026E:  MOVWF  FF6
00270:  MOVLW  00
00272:  MOVWF  FF7
00274:  MOVLW  09
00276:  MOVWF  0E
00278:  RCALL  00DC
0027A:  MOVFF  0B,0E
0027E:  MOVLW  1B
00280:  MOVWF  0F
00282:  RCALL  0124
00284:  MOVLW  16
00286:  MOVWF  FF6
00288:  MOVLW  00
0028A:  MOVWF  FF7
0028C:  MOVLW  0B
0028E:  MOVWF  0E
00290:  RCALL  00DC
00292:  MOVFF  0C,0E
00296:  MOVLW  1B
00298:  MOVWF  0F
0029A:  RCALL  0124
....................          print = 0; 
0029C:  CLRF   0D
....................       } 
0029E:  BRA    0250
....................    } 
.................... } 
....................  
002A0:  SLEEP 
.................... int converBCD(BYTE bcd) 
*
000B4:  CLRF   14
.................... { 
....................    int cambia = 0; 
....................    cambia = bcd; 
000B6:  MOVFF  13,14
....................    cambia >>= 1; 
000BA:  BCF    FD8.0
000BC:  RRCF   14,F
....................    cambia &= 0x78; 
000BE:  MOVLW  78
000C0:  ANDWF  14,F
....................     
....................    return(cambia + (cambia>>2) + (bcd & 0x0f)); 
000C2:  RRCF   14,W
000C4:  MOVWF  00
000C6:  RRCF   00,F
000C8:  MOVLW  3F
000CA:  ANDWF  00,F
000CC:  MOVF   00,W
000CE:  ADDWF  14,W
000D0:  MOVWF  15
000D2:  MOVF   13,W
000D4:  ANDLW  0F
000D6:  ADDWF  15,W
000D8:  MOVWF  01
000DA:  RETURN 0
.................... } 
....................  
.................... void rtc_get_time(BYTE& hr, BYTE& min, BYTE& sec, int &print)  
.................... { 
....................    i2c_start();   //Escritura 
*
001C6:  BSF    F94.4
001C8:  NOP   
001CA:  BSF    F94.3
001CC:  NOP   
001CE:  BCF    F8B.4
001D0:  BCF    F94.4
001D2:  NOP   
001D4:  BCF    F8B.3
001D6:  BCF    F94.3
....................    i2c_write(0xD0);  //Codigo de escritura 
001D8:  MOVLW  D0
001DA:  MOVWF  12
001DC:  RCALL  0024
....................    i2c_write(0x00);  //Puntero de la primera direccin 
001DE:  CLRF   12
001E0:  RCALL  0024
....................    i2c_start();   //Lectura 
001E2:  BSF    F94.4
001E4:  NOP   
001E6:  BSF    F94.3
001E8:  NOP   
001EA:  BTFSS  F82.3
001EC:  BRA    01EA
001EE:  BCF    F8B.4
001F0:  BCF    F94.4
001F2:  NOP   
001F4:  BCF    F8B.3
001F6:  BCF    F94.3
....................    i2c_write(0xD1);  //Codigo de lectura 
001F8:  MOVLW  D1
001FA:  MOVWF  12
001FC:  RCALL  0024
....................    sec = converBCD(i2c_read()&0x7f); //Lectura de los 7 bit de los segundos 
001FE:  MOVLW  01
00200:  MOVWF  00
00202:  RCALL  006C
00204:  MOVF   01,W
00206:  ANDLW  7F
00208:  MOVWF  0E
0020A:  MOVWF  13
0020C:  RCALL  00B4
0020E:  MOVFF  01,0C
....................    min = converBCD(i2c_read()&0x7f); //Lectura de los 7 bit de los minutos 
00212:  MOVLW  01
00214:  MOVWF  00
00216:  RCALL  006C
00218:  MOVF   01,W
0021A:  ANDLW  7F
0021C:  MOVWF  0E
0021E:  MOVWF  13
00220:  RCALL  00B4
00222:  MOVFF  01,0B
....................    hrs = converBCD(i2c_read(0)&0x3f); //Lectura de los 6 bit de las horas 
00226:  CLRF   00
00228:  RCALL  006C
0022A:  MOVF   01,W
0022C:  ANDLW  3F
0022E:  MOVWF  0E
00230:  MOVWF  13
00232:  RCALL  00B4
00234:  MOVFF  01,0A
....................    i2c_stop(); //Finaliza comunicacin 
00238:  BCF    F94.4
0023A:  NOP   
0023C:  BSF    F94.3
0023E:  BTFSS  F82.3
00240:  BRA    023E
00242:  NOP   
00244:  BRA    0246
00246:  NOP   
00248:  BSF    F94.4
0024A:  NOP   
....................    print = 1; 
0024C:  MOVLW  01
0024E:  MOVWF  0D
.................... } 
....................  

Configuration Fuses:
   Word  1: C200   HS FCMEN IESO
   Word  2: 1E1E   PUT BROWNOUT BORV21 NOWDT WDT32768
   Word  3: 0700   CCP2C1 PBADEN LPT1OSC NOMCLR
   Word  4: 0081   STVREN NOLVP NOXINST NODEBUG
   Word  5: C00F   NOPROTECT NOCPB NOCPD
   Word  6: E00F   NOWRT NOWRTC NOWRTB NOWRTD
   Word  7: 400F   NOEBTR NOEBTRB
